<?xml version="1.0" encoding="UTF-8"?>
<testsuite name="com.example.querydsl.QuerydslApplicationTests" tests="1" skipped="0" failures="0" errors="0" timestamp="2021-08-18T14:30:49" hostname="DESKTOP-UMD0DGB" time="0.018">
  <properties/>
  <testcase name="contextLoads()" classname="com.example.querydsl.QuerydslApplicationTests" time="0.018"/>
  <system-out><![CDATA[2021-08-18 23:30:49.329  INFO 12144 --- [    Test worker] .b.t.c.SpringBootTestContextBootstrapper : Neither @ContextConfiguration nor @ContextHierarchy found for test class [com.example.querydsl.QuerydslApplicationTests], using SpringBootContextLoader
2021-08-18 23:30:49.331  INFO 12144 --- [    Test worker] o.s.t.c.support.AbstractContextLoader    : Could not detect default resource locations for test class [com.example.querydsl.QuerydslApplicationTests]: no resource found for suffixes {-context.xml, Context.groovy}.
2021-08-18 23:30:49.331  INFO 12144 --- [    Test worker] t.c.s.AnnotationConfigContextLoaderUtils : Could not detect default configuration classes for test class [com.example.querydsl.QuerydslApplicationTests]: QuerydslApplicationTests does not declare any static, non-private, non-final, nested classes annotated with @Configuration.
2021-08-18 23:30:49.347  INFO 12144 --- [    Test worker] .b.t.c.SpringBootTestContextBootstrapper : Found @SpringBootConfiguration com.example.querydsl.QuerydslApplication for test class com.example.querydsl.QuerydslApplicationTests
2021-08-18 23:30:49.365  INFO 12144 --- [    Test worker] .b.t.c.SpringBootTestContextBootstrapper : Loaded default TestExecutionListener class names from location [META-INF/spring.factories]: [org.springframework.boot.test.autoconfigure.restdocs.RestDocsTestExecutionListener, org.springframework.boot.test.autoconfigure.web.client.MockRestServiceServerResetTestExecutionListener, org.springframework.boot.test.autoconfigure.web.servlet.MockMvcPrintOnlyOnFailureTestExecutionListener, org.springframework.boot.test.autoconfigure.web.servlet.WebDriverTestExecutionListener, org.springframework.boot.test.autoconfigure.webservices.client.MockWebServiceServerTestExecutionListener, org.springframework.boot.test.mock.mockito.MockitoTestExecutionListener, org.springframework.boot.test.mock.mockito.ResetMocksTestExecutionListener, org.springframework.test.context.web.ServletTestExecutionListener, org.springframework.test.context.support.DirtiesContextBeforeModesTestExecutionListener, org.springframework.test.context.event.ApplicationEventsTestExecutionListener, org.springframework.test.context.support.DependencyInjectionTestExecutionListener, org.springframework.test.context.support.DirtiesContextTestExecutionListener, org.springframework.test.context.transaction.TransactionalTestExecutionListener, org.springframework.test.context.jdbc.SqlScriptsTestExecutionListener, org.springframework.test.context.event.EventPublishingTestExecutionListener]
2021-08-18 23:30:49.366  INFO 12144 --- [    Test worker] .b.t.c.SpringBootTestContextBootstrapper : Using TestExecutionListeners: [org.springframework.test.context.web.ServletTestExecutionListener@61d3ffa6, org.springframework.test.context.support.DirtiesContextBeforeModesTestExecutionListener@192361ff, org.springframework.test.context.event.ApplicationEventsTestExecutionListener@1dc6f7a, org.springframework.boot.test.mock.mockito.MockitoTestExecutionListener@5d7d21c7, org.springframework.boot.test.autoconfigure.SpringBootDependencyInjectionTestExecutionListener@23addb01, org.springframework.test.context.support.DirtiesContextTestExecutionListener@21036a12, org.springframework.test.context.transaction.TransactionalTestExecutionListener@434666f7, org.springframework.test.context.jdbc.SqlScriptsTestExecutionListener@77010441, org.springframework.test.context.event.EventPublishingTestExecutionListener@3a39ac73, org.springframework.boot.test.autoconfigure.restdocs.RestDocsTestExecutionListener@d002dc, org.springframework.boot.test.autoconfigure.web.client.MockRestServiceServerResetTestExecutionListener@70d1bdef, org.springframework.boot.test.autoconfigure.web.servlet.MockMvcPrintOnlyOnFailureTestExecutionListener@f8d8cb8, org.springframework.boot.test.autoconfigure.web.servlet.WebDriverTestExecutionListener@7820f30e, org.springframework.boot.test.autoconfigure.webservices.client.MockWebServiceServerTestExecutionListener@78e6d834, org.springframework.boot.test.mock.mockito.ResetMocksTestExecutionListener@5a52c02]
]]></system-out>
  <system-err><![CDATA[]]></system-err>
</testsuite>
