<?xml version="1.0" encoding="UTF-8"?>
<testsuite name="com.example.querydsl.QuerydslTest" tests="1" skipped="0" failures="0" errors="0" timestamp="2021-08-19T13:03:48" hostname="DESKTOP-UMD0DGB" time="1.04">
  <properties/>
  <testcase name="queryDslTest()" classname="com.example.querydsl.QuerydslTest" time="1.04"/>
  <system-out><![CDATA[22:03:35.990 [Test worker] DEBUG org.springframework.test.context.BootstrapUtils - Instantiating CacheAwareContextLoaderDelegate from class [org.springframework.test.context.cache.DefaultCacheAwareContextLoaderDelegate]
22:03:36.029 [Test worker] DEBUG org.springframework.test.context.BootstrapUtils - Instantiating BootstrapContext using constructor [public org.springframework.test.context.support.DefaultBootstrapContext(java.lang.Class,org.springframework.test.context.CacheAwareContextLoaderDelegate)]
22:03:36.084 [Test worker] DEBUG org.springframework.test.context.BootstrapUtils - Instantiating TestContextBootstrapper for test class [com.example.querydsl.QuerydslTest] from class [org.springframework.boot.test.context.SpringBootTestContextBootstrapper]
22:03:36.126 [Test worker] INFO org.springframework.boot.test.context.SpringBootTestContextBootstrapper - Neither @ContextConfiguration nor @ContextHierarchy found for test class [com.example.querydsl.QuerydslTest], using SpringBootContextLoader
22:03:36.145 [Test worker] DEBUG org.springframework.test.context.support.AbstractContextLoader - Did not detect default resource location for test class [com.example.querydsl.QuerydslTest]: class path resource [com/example/querydsl/QuerydslTest-context.xml] does not exist
22:03:36.146 [Test worker] DEBUG org.springframework.test.context.support.AbstractContextLoader - Did not detect default resource location for test class [com.example.querydsl.QuerydslTest]: class path resource [com/example/querydsl/QuerydslTestContext.groovy] does not exist
22:03:36.146 [Test worker] INFO org.springframework.test.context.support.AbstractContextLoader - Could not detect default resource locations for test class [com.example.querydsl.QuerydslTest]: no resource found for suffixes {-context.xml, Context.groovy}.
22:03:36.148 [Test worker] INFO org.springframework.test.context.support.AnnotationConfigContextLoaderUtils - Could not detect default configuration classes for test class [com.example.querydsl.QuerydslTest]: QuerydslTest does not declare any static, non-private, non-final, nested classes annotated with @Configuration.
22:03:36.226 [Test worker] DEBUG org.springframework.test.context.support.ActiveProfilesUtils - Could not find an 'annotation declaring class' for annotation type [org.springframework.test.context.ActiveProfiles] and class [com.example.querydsl.QuerydslTest]
22:03:36.352 [Test worker] DEBUG org.springframework.context.annotation.ClassPathScanningCandidateComponentProvider - Identified candidate component class: file [C:\eclipse-mywork_space\springboot\querydsl\build\classes\java\main\com\example\querydsl\QuerydslApplication.class]
22:03:36.354 [Test worker] INFO org.springframework.boot.test.context.SpringBootTestContextBootstrapper - Found @SpringBootConfiguration com.example.querydsl.QuerydslApplication for test class com.example.querydsl.QuerydslTest
22:03:36.573 [Test worker] DEBUG org.springframework.boot.test.context.SpringBootTestContextBootstrapper - @TestExecutionListeners is not present for class [com.example.querydsl.QuerydslTest]: using defaults.
22:03:36.574 [Test worker] INFO org.springframework.boot.test.context.SpringBootTestContextBootstrapper - Loaded default TestExecutionListener class names from location [META-INF/spring.factories]: [org.springframework.boot.test.autoconfigure.restdocs.RestDocsTestExecutionListener, org.springframework.boot.test.autoconfigure.web.client.MockRestServiceServerResetTestExecutionListener, org.springframework.boot.test.autoconfigure.web.servlet.MockMvcPrintOnlyOnFailureTestExecutionListener, org.springframework.boot.test.autoconfigure.web.servlet.WebDriverTestExecutionListener, org.springframework.boot.test.autoconfigure.webservices.client.MockWebServiceServerTestExecutionListener, org.springframework.boot.test.mock.mockito.MockitoTestExecutionListener, org.springframework.boot.test.mock.mockito.ResetMocksTestExecutionListener, org.springframework.test.context.web.ServletTestExecutionListener, org.springframework.test.context.support.DirtiesContextBeforeModesTestExecutionListener, org.springframework.test.context.event.ApplicationEventsTestExecutionListener, org.springframework.test.context.support.DependencyInjectionTestExecutionListener, org.springframework.test.context.support.DirtiesContextTestExecutionListener, org.springframework.test.context.transaction.TransactionalTestExecutionListener, org.springframework.test.context.jdbc.SqlScriptsTestExecutionListener, org.springframework.test.context.event.EventPublishingTestExecutionListener]
22:03:36.616 [Test worker] INFO org.springframework.boot.test.context.SpringBootTestContextBootstrapper - Using TestExecutionListeners: [org.springframework.test.context.web.ServletTestExecutionListener@2b0e1cba, org.springframework.test.context.support.DirtiesContextBeforeModesTestExecutionListener@395ee5ac, org.springframework.test.context.event.ApplicationEventsTestExecutionListener@4ae6d0f3, org.springframework.boot.test.mock.mockito.MockitoTestExecutionListener@5b390b78, org.springframework.boot.test.autoconfigure.SpringBootDependencyInjectionTestExecutionListener@893769, org.springframework.test.context.support.DirtiesContextTestExecutionListener@4eb4d151, org.springframework.test.context.transaction.TransactionalTestExecutionListener@32a9e13c, org.springframework.test.context.jdbc.SqlScriptsTestExecutionListener@21d85eda, org.springframework.test.context.event.EventPublishingTestExecutionListener@682307f7, org.springframework.boot.test.autoconfigure.restdocs.RestDocsTestExecutionListener@756dfb, org.springframework.boot.test.autoconfigure.web.client.MockRestServiceServerResetTestExecutionListener@7d28ccc8, org.springframework.boot.test.autoconfigure.web.servlet.MockMvcPrintOnlyOnFailureTestExecutionListener@1e657339, org.springframework.boot.test.autoconfigure.web.servlet.WebDriverTestExecutionListener@6e09c3bd, org.springframework.boot.test.autoconfigure.webservices.client.MockWebServiceServerTestExecutionListener@45b87132, org.springframework.boot.test.mock.mockito.ResetMocksTestExecutionListener@7e4dbbc1]
22:03:36.623 [Test worker] DEBUG org.springframework.test.context.support.AbstractDirtiesContextTestExecutionListener - Before test class: context [DefaultTestContext@566c9076 testClass = QuerydslTest, testInstance = [null], testMethod = [null], testException = [null], mergedContextConfiguration = [WebMergedContextConfiguration@7eac46fa testClass = QuerydslTest, locations = '{}', classes = '{class com.example.querydsl.QuerydslApplication}', contextInitializerClasses = '[]', activeProfiles = '{}', propertySourceLocations = '{}', propertySourceProperties = '{org.springframework.boot.test.context.SpringBootTestContextBootstrapper=true}', contextCustomizers = set[org.springframework.boot.test.autoconfigure.actuate.metrics.MetricsExportContextCustomizerFactory$DisableMetricExportContextCustomizer@54acb3ea, org.springframework.boot.test.autoconfigure.properties.PropertyMappingContextCustomizer@0, org.springframework.boot.test.autoconfigure.web.servlet.WebDriverContextCustomizerFactory$Customizer@50311a38, org.springframework.boot.test.context.filter.ExcludeFilterContextCustomizer@4160cc2c, org.springframework.boot.test.json.DuplicateJsonObjectContextCustomizerFactory$DuplicateJsonObjectContextCustomizer@7243ea6f, org.springframework.boot.test.mock.mockito.MockitoContextCustomizer@0, org.springframework.boot.test.web.client.TestRestTemplateContextCustomizer@1461b315, org.springframework.boot.test.context.SpringBootTestArgs@1, org.springframework.boot.test.context.SpringBootTestWebEnvironment@3ba9be1a], resourceBasePath = 'src/main/webapp', contextLoader = 'org.springframework.boot.test.context.SpringBootContextLoader', parent = [null]], attributes = map['org.springframework.test.context.web.ServletTestExecutionListener.activateListener' -> true]], class annotated with @DirtiesContext [false] with mode [null].
22:03:36.683 [Test worker] DEBUG org.springframework.test.context.support.TestPropertySourceUtils - Adding inlined properties to environment: {spring.jmx.enabled=false, org.springframework.boot.test.context.SpringBootTestContextBootstrapper=true}

  .   ____          _            __ _ _
 /\\ / ___'_ __ _ _(_)_ __  __ _ \ \ \ \
( ( )\___ | '_ | '_| | '_ \/ _` | \ \ \ \
 \\/  ___)| |_)| | | | | || (_| |  ) ) ) )
  '  |____| .__|_| |_|_| |_\__, | / / / /
 =========|_|==============|___/=/_/_/_/
 :: Spring Boot ::                (v2.5.3)

2021-08-19 22:03:37.421  INFO 3608 --- [    Test worker] com.example.querydsl.QuerydslTest        : Starting QuerydslTest using Java 1.8.0_212 on DESKTOP-UMD0DGB with PID 3608 (started by 이승훈 in C:\eclipse-mywork_space\springboot\querydsl)
2021-08-19 22:03:37.425  INFO 3608 --- [    Test worker] com.example.querydsl.QuerydslTest        : No active profile set, falling back to default profiles: default
2021-08-19 22:03:39.740  INFO 3608 --- [    Test worker] .s.d.r.c.RepositoryConfigurationDelegate : Bootstrapping Spring Data JPA repositories in DEFAULT mode.
2021-08-19 22:03:39.778  INFO 3608 --- [    Test worker] .s.d.r.c.RepositoryConfigurationDelegate : Finished Spring Data repository scanning in 22 ms. Found 0 JPA repository interfaces.
2021-08-19 22:03:41.369  INFO 3608 --- [    Test worker] o.hibernate.jpa.internal.util.LogHelper  : HHH000204: Processing PersistenceUnitInfo [name: default]
2021-08-19 22:03:41.542  INFO 3608 --- [    Test worker] org.hibernate.Version                    : HHH000412: Hibernate ORM core version 5.4.32.Final
2021-08-19 22:03:41.933  INFO 3608 --- [    Test worker] o.hibernate.annotations.common.Version   : HCANN000001: Hibernate Commons Annotations {5.1.2.Final}
2021-08-19 22:03:42.033 DEBUG 3608 --- [    Test worker] org.hibernate.type.BasicTypeRegistry     : Adding type registration boolean -> org.hibernate.type.BooleanType@4b7a8630
2021-08-19 22:03:42.033 DEBUG 3608 --- [    Test worker] org.hibernate.type.BasicTypeRegistry     : Adding type registration boolean -> org.hibernate.type.BooleanType@4b7a8630
2021-08-19 22:03:42.033 DEBUG 3608 --- [    Test worker] org.hibernate.type.BasicTypeRegistry     : Adding type registration java.lang.Boolean -> org.hibernate.type.BooleanType@4b7a8630
2021-08-19 22:03:42.035 DEBUG 3608 --- [    Test worker] org.hibernate.type.BasicTypeRegistry     : Adding type registration numeric_boolean -> org.hibernate.type.NumericBooleanType@51d96e61
2021-08-19 22:03:42.037 DEBUG 3608 --- [    Test worker] org.hibernate.type.BasicTypeRegistry     : Adding type registration true_false -> org.hibernate.type.TrueFalseType@39e3598f
2021-08-19 22:03:42.038 DEBUG 3608 --- [    Test worker] org.hibernate.type.BasicTypeRegistry     : Adding type registration yes_no -> org.hibernate.type.YesNoType@442ff402
2021-08-19 22:03:42.042 DEBUG 3608 --- [    Test worker] org.hibernate.type.BasicTypeRegistry     : Adding type registration byte -> org.hibernate.type.ByteType@fcd49f9
2021-08-19 22:03:42.042 DEBUG 3608 --- [    Test worker] org.hibernate.type.BasicTypeRegistry     : Adding type registration byte -> org.hibernate.type.ByteType@fcd49f9
2021-08-19 22:03:42.042 DEBUG 3608 --- [    Test worker] org.hibernate.type.BasicTypeRegistry     : Adding type registration java.lang.Byte -> org.hibernate.type.ByteType@fcd49f9
2021-08-19 22:03:42.045 DEBUG 3608 --- [    Test worker] org.hibernate.type.BasicTypeRegistry     : Adding type registration character -> org.hibernate.type.CharacterType@15a7552d
2021-08-19 22:03:42.045 DEBUG 3608 --- [    Test worker] org.hibernate.type.BasicTypeRegistry     : Adding type registration char -> org.hibernate.type.CharacterType@15a7552d
2021-08-19 22:03:42.045 DEBUG 3608 --- [    Test worker] org.hibernate.type.BasicTypeRegistry     : Adding type registration java.lang.Character -> org.hibernate.type.CharacterType@15a7552d
2021-08-19 22:03:42.048 DEBUG 3608 --- [    Test worker] org.hibernate.type.BasicTypeRegistry     : Adding type registration short -> org.hibernate.type.ShortType@2eba5c4f
2021-08-19 22:03:42.048 DEBUG 3608 --- [    Test worker] org.hibernate.type.BasicTypeRegistry     : Adding type registration short -> org.hibernate.type.ShortType@2eba5c4f
2021-08-19 22:03:42.048 DEBUG 3608 --- [    Test worker] org.hibernate.type.BasicTypeRegistry     : Adding type registration java.lang.Short -> org.hibernate.type.ShortType@2eba5c4f
2021-08-19 22:03:42.050 DEBUG 3608 --- [    Test worker] org.hibernate.type.BasicTypeRegistry     : Adding type registration integer -> org.hibernate.type.IntegerType@3a0026f1
2021-08-19 22:03:42.050 DEBUG 3608 --- [    Test worker] org.hibernate.type.BasicTypeRegistry     : Adding type registration int -> org.hibernate.type.IntegerType@3a0026f1
2021-08-19 22:03:42.051 DEBUG 3608 --- [    Test worker] org.hibernate.type.BasicTypeRegistry     : Adding type registration java.lang.Integer -> org.hibernate.type.IntegerType@3a0026f1
2021-08-19 22:03:42.054 DEBUG 3608 --- [    Test worker] org.hibernate.type.BasicTypeRegistry     : Adding type registration long -> org.hibernate.type.LongType@298e82e8
2021-08-19 22:03:42.054 DEBUG 3608 --- [    Test worker] org.hibernate.type.BasicTypeRegistry     : Adding type registration long -> org.hibernate.type.LongType@298e82e8
2021-08-19 22:03:42.054 DEBUG 3608 --- [    Test worker] org.hibernate.type.BasicTypeRegistry     : Adding type registration java.lang.Long -> org.hibernate.type.LongType@298e82e8
2021-08-19 22:03:42.057 DEBUG 3608 --- [    Test worker] org.hibernate.type.BasicTypeRegistry     : Adding type registration float -> org.hibernate.type.FloatType@50e094dc
2021-08-19 22:03:42.058 DEBUG 3608 --- [    Test worker] org.hibernate.type.BasicTypeRegistry     : Adding type registration float -> org.hibernate.type.FloatType@50e094dc
2021-08-19 22:03:42.058 DEBUG 3608 --- [    Test worker] org.hibernate.type.BasicTypeRegistry     : Adding type registration java.lang.Float -> org.hibernate.type.FloatType@50e094dc
2021-08-19 22:03:42.060 DEBUG 3608 --- [    Test worker] org.hibernate.type.BasicTypeRegistry     : Adding type registration double -> org.hibernate.type.DoubleType@3f6e48ba
2021-08-19 22:03:42.060 DEBUG 3608 --- [    Test worker] org.hibernate.type.BasicTypeRegistry     : Adding type registration double -> org.hibernate.type.DoubleType@3f6e48ba
2021-08-19 22:03:42.060 DEBUG 3608 --- [    Test worker] org.hibernate.type.BasicTypeRegistry     : Adding type registration java.lang.Double -> org.hibernate.type.DoubleType@3f6e48ba
2021-08-19 22:03:42.063 DEBUG 3608 --- [    Test worker] org.hibernate.type.BasicTypeRegistry     : Adding type registration big_decimal -> org.hibernate.type.BigDecimalType@9c32d7e
2021-08-19 22:03:42.063 DEBUG 3608 --- [    Test worker] org.hibernate.type.BasicTypeRegistry     : Adding type registration java.math.BigDecimal -> org.hibernate.type.BigDecimalType@9c32d7e
2021-08-19 22:03:42.066 DEBUG 3608 --- [    Test worker] org.hibernate.type.BasicTypeRegistry     : Adding type registration big_integer -> org.hibernate.type.BigIntegerType@21f1da31
2021-08-19 22:03:42.066 DEBUG 3608 --- [    Test worker] org.hibernate.type.BasicTypeRegistry     : Adding type registration java.math.BigInteger -> org.hibernate.type.BigIntegerType@21f1da31
2021-08-19 22:03:42.069 DEBUG 3608 --- [    Test worker] org.hibernate.type.BasicTypeRegistry     : Adding type registration string -> org.hibernate.type.StringType@7aa1f74d
2021-08-19 22:03:42.070 DEBUG 3608 --- [    Test worker] org.hibernate.type.BasicTypeRegistry     : Adding type registration java.lang.String -> org.hibernate.type.StringType@7aa1f74d
2021-08-19 22:03:42.072 DEBUG 3608 --- [    Test worker] org.hibernate.type.BasicTypeRegistry     : Adding type registration nstring -> org.hibernate.type.StringNVarcharType@2a75e889
2021-08-19 22:03:42.074 DEBUG 3608 --- [    Test worker] org.hibernate.type.BasicTypeRegistry     : Adding type registration ncharacter -> org.hibernate.type.CharacterNCharType@51ac796
2021-08-19 22:03:42.076 DEBUG 3608 --- [    Test worker] org.hibernate.type.BasicTypeRegistry     : Adding type registration url -> org.hibernate.type.UrlType@15f701c3
2021-08-19 22:03:42.076 DEBUG 3608 --- [    Test worker] org.hibernate.type.BasicTypeRegistry     : Adding type registration java.net.URL -> org.hibernate.type.UrlType@15f701c3
2021-08-19 22:03:42.079 DEBUG 3608 --- [    Test worker] org.hibernate.type.BasicTypeRegistry     : Adding type registration Duration -> org.hibernate.type.DurationType@630f024c
2021-08-19 22:03:42.080 DEBUG 3608 --- [    Test worker] org.hibernate.type.BasicTypeRegistry     : Adding type registration java.time.Duration -> org.hibernate.type.DurationType@630f024c
2021-08-19 22:03:42.084 DEBUG 3608 --- [    Test worker] org.hibernate.type.BasicTypeRegistry     : Adding type registration Instant -> org.hibernate.type.InstantType@6c988a18
2021-08-19 22:03:42.085 DEBUG 3608 --- [    Test worker] org.hibernate.type.BasicTypeRegistry     : Adding type registration java.time.Instant -> org.hibernate.type.InstantType@6c988a18
2021-08-19 22:03:42.089 DEBUG 3608 --- [    Test worker] org.hibernate.type.BasicTypeRegistry     : Adding type registration LocalDateTime -> org.hibernate.type.LocalDateTimeType@4c3d8db7
2021-08-19 22:03:42.090 DEBUG 3608 --- [    Test worker] org.hibernate.type.BasicTypeRegistry     : Adding type registration java.time.LocalDateTime -> org.hibernate.type.LocalDateTimeType@4c3d8db7
2021-08-19 22:03:42.094 DEBUG 3608 --- [    Test worker] org.hibernate.type.BasicTypeRegistry     : Adding type registration LocalDate -> org.hibernate.type.LocalDateType@58f089e6
2021-08-19 22:03:42.094 DEBUG 3608 --- [    Test worker] org.hibernate.type.BasicTypeRegistry     : Adding type registration java.time.LocalDate -> org.hibernate.type.LocalDateType@58f089e6
2021-08-19 22:03:42.097 DEBUG 3608 --- [    Test worker] org.hibernate.type.BasicTypeRegistry     : Adding type registration LocalTime -> org.hibernate.type.LocalTimeType@43029b10
2021-08-19 22:03:42.097 DEBUG 3608 --- [    Test worker] org.hibernate.type.BasicTypeRegistry     : Adding type registration java.time.LocalTime -> org.hibernate.type.LocalTimeType@43029b10
2021-08-19 22:03:42.101 DEBUG 3608 --- [    Test worker] org.hibernate.type.BasicTypeRegistry     : Adding type registration OffsetDateTime -> org.hibernate.type.OffsetDateTimeType@38d8e0a0
2021-08-19 22:03:42.102 DEBUG 3608 --- [    Test worker] org.hibernate.type.BasicTypeRegistry     : Adding type registration java.time.OffsetDateTime -> org.hibernate.type.OffsetDateTimeType@38d8e0a0
2021-08-19 22:03:42.106 DEBUG 3608 --- [    Test worker] org.hibernate.type.BasicTypeRegistry     : Adding type registration OffsetTime -> org.hibernate.type.OffsetTimeType@698315e8
2021-08-19 22:03:42.106 DEBUG 3608 --- [    Test worker] org.hibernate.type.BasicTypeRegistry     : Adding type registration java.time.OffsetTime -> org.hibernate.type.OffsetTimeType@698315e8
2021-08-19 22:03:42.111 DEBUG 3608 --- [    Test worker] org.hibernate.type.BasicTypeRegistry     : Adding type registration ZonedDateTime -> org.hibernate.type.ZonedDateTimeType@5865d387
2021-08-19 22:03:42.111 DEBUG 3608 --- [    Test worker] org.hibernate.type.BasicTypeRegistry     : Adding type registration java.time.ZonedDateTime -> org.hibernate.type.ZonedDateTimeType@5865d387
2021-08-19 22:03:42.114 DEBUG 3608 --- [    Test worker] org.hibernate.type.BasicTypeRegistry     : Adding type registration date -> org.hibernate.type.DateType@2aee7f5b
2021-08-19 22:03:42.114 DEBUG 3608 --- [    Test worker] org.hibernate.type.BasicTypeRegistry     : Adding type registration java.sql.Date -> org.hibernate.type.DateType@2aee7f5b
2021-08-19 22:03:42.117 DEBUG 3608 --- [    Test worker] org.hibernate.type.BasicTypeRegistry     : Adding type registration time -> org.hibernate.type.TimeType@7ed3fd49
2021-08-19 22:03:42.117 DEBUG 3608 --- [    Test worker] org.hibernate.type.BasicTypeRegistry     : Adding type registration java.sql.Time -> org.hibernate.type.TimeType@7ed3fd49
2021-08-19 22:03:42.119 DEBUG 3608 --- [    Test worker] org.hibernate.type.BasicTypeRegistry     : Adding type registration timestamp -> org.hibernate.type.TimestampType@14c7872c
2021-08-19 22:03:42.119 DEBUG 3608 --- [    Test worker] org.hibernate.type.BasicTypeRegistry     : Adding type registration java.sql.Timestamp -> org.hibernate.type.TimestampType@14c7872c
2021-08-19 22:03:42.119 DEBUG 3608 --- [    Test worker] org.hibernate.type.BasicTypeRegistry     : Adding type registration java.util.Date -> org.hibernate.type.TimestampType@14c7872c
2021-08-19 22:03:42.123 DEBUG 3608 --- [    Test worker] org.hibernate.type.BasicTypeRegistry     : Adding type registration dbtimestamp -> org.hibernate.type.DbTimestampType@2de4e3ad
2021-08-19 22:03:42.125 DEBUG 3608 --- [    Test worker] org.hibernate.type.BasicTypeRegistry     : Adding type registration calendar -> org.hibernate.type.CalendarType@6b2d53d1
2021-08-19 22:03:42.126 DEBUG 3608 --- [    Test worker] org.hibernate.type.BasicTypeRegistry     : Adding type registration java.util.Calendar -> org.hibernate.type.CalendarType@6b2d53d1
2021-08-19 22:03:42.126 DEBUG 3608 --- [    Test worker] org.hibernate.type.BasicTypeRegistry     : Adding type registration java.util.GregorianCalendar -> org.hibernate.type.CalendarType@6b2d53d1
2021-08-19 22:03:42.127 DEBUG 3608 --- [    Test worker] org.hibernate.type.BasicTypeRegistry     : Adding type registration calendar_date -> org.hibernate.type.CalendarDateType@5ac9ae5d
2021-08-19 22:03:42.130 DEBUG 3608 --- [    Test worker] org.hibernate.type.BasicTypeRegistry     : Adding type registration calendar_time -> org.hibernate.type.CalendarTimeType@45a2e3d1
2021-08-19 22:03:42.133 DEBUG 3608 --- [    Test worker] org.hibernate.type.BasicTypeRegistry     : Adding type registration locale -> org.hibernate.type.LocaleType@3ff1a939
2021-08-19 22:03:42.133 DEBUG 3608 --- [    Test worker] org.hibernate.type.BasicTypeRegistry     : Adding type registration java.util.Locale -> org.hibernate.type.LocaleType@3ff1a939
2021-08-19 22:03:42.136 DEBUG 3608 --- [    Test worker] org.hibernate.type.BasicTypeRegistry     : Adding type registration currency -> org.hibernate.type.CurrencyType@6e26ba
2021-08-19 22:03:42.136 DEBUG 3608 --- [    Test worker] org.hibernate.type.BasicTypeRegistry     : Adding type registration java.util.Currency -> org.hibernate.type.CurrencyType@6e26ba
2021-08-19 22:03:42.140 DEBUG 3608 --- [    Test worker] org.hibernate.type.BasicTypeRegistry     : Adding type registration timezone -> org.hibernate.type.TimeZoneType@62421d87
2021-08-19 22:03:42.140 DEBUG 3608 --- [    Test worker] org.hibernate.type.BasicTypeRegistry     : Adding type registration java.util.TimeZone -> org.hibernate.type.TimeZoneType@62421d87
2021-08-19 22:03:42.143 DEBUG 3608 --- [    Test worker] org.hibernate.type.BasicTypeRegistry     : Adding type registration class -> org.hibernate.type.ClassType@3ed9fbef
2021-08-19 22:03:42.143 DEBUG 3608 --- [    Test worker] org.hibernate.type.BasicTypeRegistry     : Adding type registration java.lang.Class -> org.hibernate.type.ClassType@3ed9fbef
2021-08-19 22:03:42.145 DEBUG 3608 --- [    Test worker] org.hibernate.type.BasicTypeRegistry     : Adding type registration uuid-binary -> org.hibernate.type.UUIDBinaryType@4fda564a
2021-08-19 22:03:42.146 DEBUG 3608 --- [    Test worker] org.hibernate.type.BasicTypeRegistry     : Adding type registration java.util.UUID -> org.hibernate.type.UUIDBinaryType@4fda564a
2021-08-19 22:03:42.147 DEBUG 3608 --- [    Test worker] org.hibernate.type.BasicTypeRegistry     : Adding type registration uuid-char -> org.hibernate.type.UUIDCharType@7a1baf58
2021-08-19 22:03:42.149 DEBUG 3608 --- [    Test worker] org.hibernate.type.BasicTypeRegistry     : Adding type registration binary -> org.hibernate.type.BinaryType@3474b87e
2021-08-19 22:03:42.149 DEBUG 3608 --- [    Test worker] org.hibernate.type.BasicTypeRegistry     : Adding type registration byte[] -> org.hibernate.type.BinaryType@3474b87e
2021-08-19 22:03:42.149 DEBUG 3608 --- [    Test worker] org.hibernate.type.BasicTypeRegistry     : Adding type registration [B -> org.hibernate.type.BinaryType@3474b87e
2021-08-19 22:03:42.151 DEBUG 3608 --- [    Test worker] org.hibernate.type.BasicTypeRegistry     : Adding type registration wrapper-binary -> org.hibernate.type.WrapperBinaryType@373c350c
2021-08-19 22:03:42.151 DEBUG 3608 --- [    Test worker] org.hibernate.type.BasicTypeRegistry     : Adding type registration Byte[] -> org.hibernate.type.WrapperBinaryType@373c350c
2021-08-19 22:03:42.151 DEBUG 3608 --- [    Test worker] org.hibernate.type.BasicTypeRegistry     : Adding type registration [Ljava.lang.Byte; -> org.hibernate.type.WrapperBinaryType@373c350c
2021-08-19 22:03:42.153 DEBUG 3608 --- [    Test worker] org.hibernate.type.BasicTypeRegistry     : Adding type registration row_version -> org.hibernate.type.RowVersionType@7d1da9ef
2021-08-19 22:03:42.154 DEBUG 3608 --- [    Test worker] org.hibernate.type.BasicTypeRegistry     : Adding type registration image -> org.hibernate.type.ImageType@879d9bd
2021-08-19 22:03:42.155 DEBUG 3608 --- [    Test worker] org.hibernate.type.BasicTypeRegistry     : Adding type registration characters -> org.hibernate.type.CharArrayType@3eeb5dff
2021-08-19 22:03:42.155 DEBUG 3608 --- [    Test worker] org.hibernate.type.BasicTypeRegistry     : Adding type registration char[] -> org.hibernate.type.CharArrayType@3eeb5dff
2021-08-19 22:03:42.155 DEBUG 3608 --- [    Test worker] org.hibernate.type.BasicTypeRegistry     : Adding type registration [C -> org.hibernate.type.CharArrayType@3eeb5dff
2021-08-19 22:03:42.157 DEBUG 3608 --- [    Test worker] org.hibernate.type.BasicTypeRegistry     : Adding type registration wrapper-characters -> org.hibernate.type.CharacterArrayType@268e1efb
2021-08-19 22:03:42.157 DEBUG 3608 --- [    Test worker] org.hibernate.type.BasicTypeRegistry     : Adding type registration [Ljava.lang.Character; -> org.hibernate.type.CharacterArrayType@268e1efb
2021-08-19 22:03:42.157 DEBUG 3608 --- [    Test worker] org.hibernate.type.BasicTypeRegistry     : Adding type registration Character[] -> org.hibernate.type.CharacterArrayType@268e1efb
2021-08-19 22:03:42.158 DEBUG 3608 --- [    Test worker] org.hibernate.type.BasicTypeRegistry     : Adding type registration text -> org.hibernate.type.TextType@1173cc8d
2021-08-19 22:03:42.159 DEBUG 3608 --- [    Test worker] org.hibernate.type.BasicTypeRegistry     : Adding type registration ntext -> org.hibernate.type.NTextType@11b31156
2021-08-19 22:03:42.163 DEBUG 3608 --- [    Test worker] org.hibernate.type.BasicTypeRegistry     : Adding type registration blob -> org.hibernate.type.BlobType@633526f9
2021-08-19 22:03:42.163 DEBUG 3608 --- [    Test worker] org.hibernate.type.BasicTypeRegistry     : Adding type registration java.sql.Blob -> org.hibernate.type.BlobType@633526f9
2021-08-19 22:03:42.164 DEBUG 3608 --- [    Test worker] org.hibernate.type.BasicTypeRegistry     : Adding type registration materialized_blob -> org.hibernate.type.MaterializedBlobType@1578d6b6
2021-08-19 22:03:42.167 DEBUG 3608 --- [    Test worker] org.hibernate.type.BasicTypeRegistry     : Adding type registration clob -> org.hibernate.type.ClobType@e429e6b
2021-08-19 22:03:42.167 DEBUG 3608 --- [    Test worker] org.hibernate.type.BasicTypeRegistry     : Adding type registration java.sql.Clob -> org.hibernate.type.ClobType@e429e6b
2021-08-19 22:03:42.169 DEBUG 3608 --- [    Test worker] org.hibernate.type.BasicTypeRegistry     : Adding type registration nclob -> org.hibernate.type.NClobType@39de35df
2021-08-19 22:03:42.169 DEBUG 3608 --- [    Test worker] org.hibernate.type.BasicTypeRegistry     : Adding type registration java.sql.NClob -> org.hibernate.type.NClobType@39de35df
2021-08-19 22:03:42.170 DEBUG 3608 --- [    Test worker] org.hibernate.type.BasicTypeRegistry     : Adding type registration materialized_clob -> org.hibernate.type.MaterializedClobType@380f7182
2021-08-19 22:03:42.171 DEBUG 3608 --- [    Test worker] org.hibernate.type.BasicTypeRegistry     : Adding type registration materialized_nclob -> org.hibernate.type.MaterializedNClobType@6d9bae9a
2021-08-19 22:03:42.173 DEBUG 3608 --- [    Test worker] org.hibernate.type.BasicTypeRegistry     : Adding type registration serializable -> org.hibernate.type.SerializableType@555b4bdf
2021-08-19 22:03:42.178 DEBUG 3608 --- [    Test worker] org.hibernate.type.BasicTypeRegistry     : Adding type registration object -> org.hibernate.type.ObjectType@68c81104
2021-08-19 22:03:42.178 DEBUG 3608 --- [    Test worker] org.hibernate.type.BasicTypeRegistry     : Adding type registration java.lang.Object -> org.hibernate.type.ObjectType@68c81104
2021-08-19 22:03:42.179 DEBUG 3608 --- [    Test worker] org.hibernate.type.BasicTypeRegistry     : Adding type registration imm_date -> org.hibernate.type.AdaptedImmutableType@2869591e
2021-08-19 22:03:42.180 DEBUG 3608 --- [    Test worker] org.hibernate.type.BasicTypeRegistry     : Adding type registration imm_time -> org.hibernate.type.AdaptedImmutableType@813d26
2021-08-19 22:03:42.180 DEBUG 3608 --- [    Test worker] org.hibernate.type.BasicTypeRegistry     : Adding type registration imm_timestamp -> org.hibernate.type.AdaptedImmutableType@53f33f56
2021-08-19 22:03:42.180 DEBUG 3608 --- [    Test worker] org.hibernate.type.BasicTypeRegistry     : Adding type registration imm_dbtimestamp -> org.hibernate.type.AdaptedImmutableType@6805cf56
2021-08-19 22:03:42.180 DEBUG 3608 --- [    Test worker] org.hibernate.type.BasicTypeRegistry     : Adding type registration imm_calendar -> org.hibernate.type.AdaptedImmutableType@a46cae1
2021-08-19 22:03:42.180 DEBUG 3608 --- [    Test worker] org.hibernate.type.BasicTypeRegistry     : Adding type registration imm_calendar_date -> org.hibernate.type.AdaptedImmutableType@327be82
2021-08-19 22:03:42.180 DEBUG 3608 --- [    Test worker] org.hibernate.type.BasicTypeRegistry     : Adding type registration imm_binary -> org.hibernate.type.AdaptedImmutableType@49e4283f
2021-08-19 22:03:42.180 DEBUG 3608 --- [    Test worker] org.hibernate.type.BasicTypeRegistry     : Adding type registration imm_serializable -> org.hibernate.type.AdaptedImmutableType@fdd212a
2021-08-19 22:03:42.270  INFO 3608 --- [    Test worker] com.zaxxer.hikari.HikariDataSource       : HikariPool-1 - Starting...
2021-08-19 22:03:43.089  INFO 3608 --- [    Test worker] com.zaxxer.hikari.HikariDataSource       : HikariPool-1 - Start completed.
2021-08-19 22:03:43.197  INFO 3608 --- [    Test worker] org.hibernate.dialect.Dialect            : HHH000400: Using dialect: org.hibernate.dialect.H2Dialect
2021-08-19 22:03:43.825 DEBUG 3608 --- [    Test worker] o.h.type.spi.TypeConfiguration$Scope     : Scoping TypeConfiguration [org.hibernate.type.spi.TypeConfiguration@27fbb409] to MetadataBuildingContext [org.hibernate.boot.internal.MetadataBuildingContextRootImpl@5c8120b5]
2021-08-19 22:03:44.602 DEBUG 3608 --- [    Test worker] o.h.type.spi.TypeConfiguration$Scope     : Scoping TypeConfiguration [org.hibernate.type.spi.TypeConfiguration@27fbb409] to SessionFactoryImpl [org.hibernate.internal.SessionFactoryImpl@426c65e1]
2021-08-19 22:03:45.593 DEBUG 3608 --- [    Test worker] org.hibernate.SQL                        : 
    
    drop table if exists item CASCADE 
2021-08-19 22:03:45.619  INFO 3608 --- [    Test worker] p6spy                                    : #1629378225619 | took 23ms | statement | connection 1| url jdbc:h2:tcp://localhost/~/querydsl

    drop table if exists item CASCADE 

    drop table if exists item CASCADE ;
2021-08-19 22:03:45.619 DEBUG 3608 --- [    Test worker] org.hibernate.SQL                        : 
    
    drop table if exists member CASCADE 
2021-08-19 22:03:45.645  INFO 3608 --- [    Test worker] p6spy                                    : #1629378225645 | took 25ms | statement | connection 1| url jdbc:h2:tcp://localhost/~/querydsl

    drop table if exists member CASCADE 

    drop table if exists member CASCADE ;
2021-08-19 22:03:45.645 DEBUG 3608 --- [    Test worker] org.hibernate.SQL                        : 
    
    drop table if exists team CASCADE 
2021-08-19 22:03:45.647  INFO 3608 --- [    Test worker] p6spy                                    : #1629378225647 | took 1ms | statement | connection 1| url jdbc:h2:tcp://localhost/~/querydsl

    drop table if exists team CASCADE 

    drop table if exists team CASCADE ;
2021-08-19 22:03:45.648 DEBUG 3608 --- [    Test worker] org.hibernate.SQL                        : 
    
    drop sequence if exists hibernate_sequence
2021-08-19 22:03:45.649  INFO 3608 --- [    Test worker] p6spy                                    : #1629378225649 | took 0ms | statement | connection 1| url jdbc:h2:tcp://localhost/~/querydsl

    drop sequence if exists hibernate_sequence

    drop sequence if exists hibernate_sequence;
2021-08-19 22:03:45.654 DEBUG 3608 --- [    Test worker] org.hibernate.SQL                        : create sequence hibernate_sequence start with 1 increment by 1
2021-08-19 22:03:45.659  INFO 3608 --- [    Test worker] p6spy                                    : #1629378225659 | took 4ms | statement | connection 2| url jdbc:h2:tcp://localhost/~/querydsl
create sequence hibernate_sequence start with 1 increment by 1
create sequence hibernate_sequence start with 1 increment by 1;
2021-08-19 22:03:45.661 DEBUG 3608 --- [    Test worker] org.hibernate.SQL                        : 
    
    create table item (
       id bigint not null,
        age integer not null,
        primary key (id)
    )
2021-08-19 22:03:45.677  INFO 3608 --- [    Test worker] p6spy                                    : #1629378225677 | took 16ms | statement | connection 2| url jdbc:h2:tcp://localhost/~/querydsl

    create table item (
       id bigint not null,
        age integer not null,
        primary key (id)
    )

    create table item (
       id bigint not null,
        age integer not null,
        primary key (id)
    );
2021-08-19 22:03:45.678 DEBUG 3608 --- [    Test worker] org.hibernate.SQL                        : 
    
    create table member (
       member_id bigint not null,
        age integer not null,
        user_name varchar(255),
        team_id bigint,
        primary key (member_id)
    )
2021-08-19 22:03:45.682  INFO 3608 --- [    Test worker] p6spy                                    : #1629378225682 | took 3ms | statement | connection 2| url jdbc:h2:tcp://localhost/~/querydsl

    create table member (
       member_id bigint not null,
        age integer not null,
        user_name varchar(255),
        team_id bigint,
        primary key (member_id)
    )

    create table member (
       member_id bigint not null,
        age integer not null,
        user_name varchar(255),
        team_id bigint,
        primary key (member_id)
    );
2021-08-19 22:03:45.683 DEBUG 3608 --- [    Test worker] org.hibernate.SQL                        : 
    
    create table team (
       team_id bigint not null,
        name varchar(255),
        primary key (team_id)
    )
2021-08-19 22:03:45.684  INFO 3608 --- [    Test worker] p6spy                                    : #1629378225684 | took 1ms | statement | connection 2| url jdbc:h2:tcp://localhost/~/querydsl

    create table team (
       team_id bigint not null,
        name varchar(255),
        primary key (team_id)
    )

    create table team (
       team_id bigint not null,
        name varchar(255),
        primary key (team_id)
    );
2021-08-19 22:03:45.685 DEBUG 3608 --- [    Test worker] org.hibernate.SQL                        : 
    
    alter table member 
       add constraint FKcjte2jn9pvo9ud2hyfgwcja0k 
       foreign key (team_id) 
       references team
2021-08-19 22:03:45.705  INFO 3608 --- [    Test worker] p6spy                                    : #1629378225705 | took 18ms | statement | connection 2| url jdbc:h2:tcp://localhost/~/querydsl

    alter table member 
       add constraint FKcjte2jn9pvo9ud2hyfgwcja0k 
       foreign key (team_id) 
       references team

    alter table member 
       add constraint FKcjte2jn9pvo9ud2hyfgwcja0k 
       foreign key (team_id) 
       references team;
2021-08-19 22:03:45.710  INFO 3608 --- [    Test worker] o.h.e.t.j.p.i.JtaPlatformInitiator       : HHH000490: Using JtaPlatform implementation: [org.hibernate.engine.transaction.jta.platform.internal.NoJtaPlatform]
2021-08-19 22:03:45.727 TRACE 3608 --- [    Test worker] o.h.type.spi.TypeConfiguration$Scope     : Handling #sessionFactoryCreated from [org.hibernate.internal.SessionFactoryImpl@426c65e1] for TypeConfiguration
2021-08-19 22:03:45.730  INFO 3608 --- [    Test worker] j.LocalContainerEntityManagerFactoryBean : Initialized JPA EntityManagerFactory for persistence unit 'default'
2021-08-19 22:03:46.446  WARN 3608 --- [    Test worker] JpaBaseConfiguration$JpaWebConfiguration : spring.jpa.open-in-view is enabled by default. Therefore, database queries may be performed during view rendering. Explicitly configure spring.jpa.open-in-view to disable this warning
2021-08-19 22:03:48.499  INFO 3608 --- [    Test worker] com.example.querydsl.QuerydslTest        : Started QuerydslTest in 11.8 seconds (JVM running for 14.975)
2021-08-19 22:03:48.833  INFO 3608 --- [    Test worker] o.s.t.c.transaction.TransactionContext   : Began transaction (1) for test context [DefaultTestContext@566c9076 testClass = QuerydslTest, testInstance = com.example.querydsl.QuerydslTest@423aa7ee, testMethod = queryDslTest@QuerydslTest, testException = [null], mergedContextConfiguration = [WebMergedContextConfiguration@7eac46fa testClass = QuerydslTest, locations = '{}', classes = '{class com.example.querydsl.QuerydslApplication}', contextInitializerClasses = '[]', activeProfiles = '{}', propertySourceLocations = '{}', propertySourceProperties = '{org.springframework.boot.test.context.SpringBootTestContextBootstrapper=true}', contextCustomizers = set[org.springframework.boot.test.autoconfigure.actuate.metrics.MetricsExportContextCustomizerFactory$DisableMetricExportContextCustomizer@54acb3ea, org.springframework.boot.test.autoconfigure.properties.PropertyMappingContextCustomizer@0, org.springframework.boot.test.autoconfigure.web.servlet.WebDriverContextCustomizerFactory$Customizer@50311a38, org.springframework.boot.test.context.filter.ExcludeFilterContextCustomizer@4160cc2c, org.springframework.boot.test.json.DuplicateJsonObjectContextCustomizerFactory$DuplicateJsonObjectContextCustomizer@7243ea6f, org.springframework.boot.test.mock.mockito.MockitoContextCustomizer@0, org.springframework.boot.test.web.client.TestRestTemplateContextCustomizer@1461b315, org.springframework.boot.test.context.SpringBootTestArgs@1, org.springframework.boot.test.context.SpringBootTestWebEnvironment@3ba9be1a], resourceBasePath = 'src/main/webapp', contextLoader = 'org.springframework.boot.test.context.SpringBootContextLoader', parent = [null]], attributes = map['org.springframework.test.context.web.ServletTestExecutionListener.activateListener' -> true, 'org.springframework.test.context.web.ServletTestExecutionListener.populatedRequestContextHolder' -> true, 'org.springframework.test.context.web.ServletTestExecutionListener.resetRequestContextHolder' -> true, 'org.springframework.test.context.event.ApplicationEventsTestExecutionListener.recordApplicationEvents' -> false]]; transaction manager [org.springframework.orm.jpa.JpaTransactionManager@10c0feca]; rollback [true]
2021-08-19 22:03:49.000 DEBUG 3608 --- [    Test worker] org.hibernate.SQL                        : 
    call next value for hibernate_sequence
2021-08-19 22:03:49.012  INFO 3608 --- [    Test worker] p6spy                                    : #1629378229012 | took 4ms | statement | connection 3| url jdbc:h2:tcp://localhost/~/querydsl
call next value for hibernate_sequence
call next value for hibernate_sequence;
2021-08-19 22:03:49.051 DEBUG 3608 --- [    Test worker] org.hibernate.SQL                        : 
    call next value for hibernate_sequence
2021-08-19 22:03:49.052  INFO 3608 --- [    Test worker] p6spy                                    : #1629378229052 | took 0ms | statement | connection 3| url jdbc:h2:tcp://localhost/~/querydsl
call next value for hibernate_sequence
call next value for hibernate_sequence;
2021-08-19 22:03:49.053 DEBUG 3608 --- [    Test worker] org.hibernate.SQL                        : 
    call next value for hibernate_sequence
2021-08-19 22:03:49.054  INFO 3608 --- [    Test worker] p6spy                                    : #1629378229054 | took 0ms | statement | connection 3| url jdbc:h2:tcp://localhost/~/querydsl
call next value for hibernate_sequence
call next value for hibernate_sequence;
2021-08-19 22:03:49.056 DEBUG 3608 --- [    Test worker] org.hibernate.SQL                        : 
    call next value for hibernate_sequence
2021-08-19 22:03:49.056  INFO 3608 --- [    Test worker] p6spy                                    : #1629378229056 | took 0ms | statement | connection 3| url jdbc:h2:tcp://localhost/~/querydsl
call next value for hibernate_sequence
call next value for hibernate_sequence;
2021-08-19 22:03:49.057 DEBUG 3608 --- [    Test worker] org.hibernate.SQL                        : 
    call next value for hibernate_sequence
2021-08-19 22:03:49.057  INFO 3608 --- [    Test worker] p6spy                                    : #1629378229057 | took 0ms | statement | connection 3| url jdbc:h2:tcp://localhost/~/querydsl
call next value for hibernate_sequence
call next value for hibernate_sequence;
2021-08-19 22:03:49.058 DEBUG 3608 --- [    Test worker] org.hibernate.SQL                        : 
    call next value for hibernate_sequence
2021-08-19 22:03:49.058  INFO 3608 --- [    Test worker] p6spy                                    : #1629378229058 | took 0ms | statement | connection 3| url jdbc:h2:tcp://localhost/~/querydsl
call next value for hibernate_sequence
call next value for hibernate_sequence;
2021-08-19 22:03:49.059 DEBUG 3608 --- [    Test worker] org.hibernate.SQL                        : 
    call next value for hibernate_sequence
2021-08-19 22:03:49.059  INFO 3608 --- [    Test worker] p6spy                                    : #1629378229059 | took 0ms | statement | connection 3| url jdbc:h2:tcp://localhost/~/querydsl
call next value for hibernate_sequence
call next value for hibernate_sequence;
2021-08-19 22:03:49.060 DEBUG 3608 --- [    Test worker] org.hibernate.SQL                        : 
    call next value for hibernate_sequence
2021-08-19 22:03:49.060  INFO 3608 --- [    Test worker] p6spy                                    : #1629378229060 | took 0ms | statement | connection 3| url jdbc:h2:tcp://localhost/~/querydsl
call next value for hibernate_sequence
call next value for hibernate_sequence;
2021-08-19 22:03:49.468 DEBUG 3608 --- [    Test worker] org.hibernate.SQL                        : 
    insert 
    into
        team
        (name, team_id) 
    values
        (?, ?)
2021-08-19 22:03:49.473 TRACE 3608 --- [    Test worker] o.h.type.descriptor.sql.BasicBinder      : binding parameter [1] as [VARCHAR] - [A-TEAM]
2021-08-19 22:03:49.474 TRACE 3608 --- [    Test worker] o.h.type.descriptor.sql.BasicBinder      : binding parameter [2] as [BIGINT] - [1]
2021-08-19 22:03:49.476  INFO 3608 --- [    Test worker] p6spy                                    : #1629378229476 | took 1ms | statement | connection 3| url jdbc:h2:tcp://localhost/~/querydsl
insert into team (name, team_id) values (?, ?)
insert into team (name, team_id) values ('A-TEAM', 1);
2021-08-19 22:03:49.479 DEBUG 3608 --- [    Test worker] org.hibernate.SQL                        : 
    insert 
    into
        team
        (name, team_id) 
    values
        (?, ?)
2021-08-19 22:03:49.480 TRACE 3608 --- [    Test worker] o.h.type.descriptor.sql.BasicBinder      : binding parameter [1] as [VARCHAR] - [B-TEAM]
2021-08-19 22:03:49.480 TRACE 3608 --- [    Test worker] o.h.type.descriptor.sql.BasicBinder      : binding parameter [2] as [BIGINT] - [2]
2021-08-19 22:03:49.481  INFO 3608 --- [    Test worker] p6spy                                    : #1629378229481 | took 0ms | statement | connection 3| url jdbc:h2:tcp://localhost/~/querydsl
insert into team (name, team_id) values (?, ?)
insert into team (name, team_id) values ('B-TEAM', 2);
2021-08-19 22:03:49.482 DEBUG 3608 --- [    Test worker] org.hibernate.SQL                        : 
    insert 
    into
        member
        (age, team_id, user_name, member_id) 
    values
        (?, ?, ?, ?)
2021-08-19 22:03:49.484 TRACE 3608 --- [    Test worker] o.h.type.descriptor.sql.BasicBinder      : binding parameter [1] as [INTEGER] - [22]
2021-08-19 22:03:49.485 TRACE 3608 --- [    Test worker] o.h.type.descriptor.sql.BasicBinder      : binding parameter [2] as [BIGINT] - [1]
2021-08-19 22:03:49.486 TRACE 3608 --- [    Test worker] o.h.type.descriptor.sql.BasicBinder      : binding parameter [3] as [VARCHAR] - [승훈]
2021-08-19 22:03:49.486 TRACE 3608 --- [    Test worker] o.h.type.descriptor.sql.BasicBinder      : binding parameter [4] as [BIGINT] - [3]
2021-08-19 22:03:49.488  INFO 3608 --- [    Test worker] p6spy                                    : #1629378229488 | took 1ms | statement | connection 3| url jdbc:h2:tcp://localhost/~/querydsl
insert into member (age, team_id, user_name, member_id) values (?, ?, ?, ?)
insert into member (age, team_id, user_name, member_id) values (22, 1, '승훈', 3);
2021-08-19 22:03:49.488 DEBUG 3608 --- [    Test worker] org.hibernate.SQL                        : 
    insert 
    into
        member
        (age, team_id, user_name, member_id) 
    values
        (?, ?, ?, ?)
2021-08-19 22:03:49.489 TRACE 3608 --- [    Test worker] o.h.type.descriptor.sql.BasicBinder      : binding parameter [1] as [INTEGER] - [21]
2021-08-19 22:03:49.490 TRACE 3608 --- [    Test worker] o.h.type.descriptor.sql.BasicBinder      : binding parameter [2] as [BIGINT] - [1]
2021-08-19 22:03:49.490 TRACE 3608 --- [    Test worker] o.h.type.descriptor.sql.BasicBinder      : binding parameter [3] as [VARCHAR] - [나리]
2021-08-19 22:03:49.490 TRACE 3608 --- [    Test worker] o.h.type.descriptor.sql.BasicBinder      : binding parameter [4] as [BIGINT] - [4]
2021-08-19 22:03:49.490  INFO 3608 --- [    Test worker] p6spy                                    : #1629378229490 | took 0ms | statement | connection 3| url jdbc:h2:tcp://localhost/~/querydsl
insert into member (age, team_id, user_name, member_id) values (?, ?, ?, ?)
insert into member (age, team_id, user_name, member_id) values (21, 1, '나리', 4);
2021-08-19 22:03:49.491 DEBUG 3608 --- [    Test worker] org.hibernate.SQL                        : 
    insert 
    into
        member
        (age, team_id, user_name, member_id) 
    values
        (?, ?, ?, ?)
2021-08-19 22:03:49.492 TRACE 3608 --- [    Test worker] o.h.type.descriptor.sql.BasicBinder      : binding parameter [1] as [INTEGER] - [24]
2021-08-19 22:03:49.493 TRACE 3608 --- [    Test worker] o.h.type.descriptor.sql.BasicBinder      : binding parameter [2] as [BIGINT] - [1]
2021-08-19 22:03:49.493 TRACE 3608 --- [    Test worker] o.h.type.descriptor.sql.BasicBinder      : binding parameter [3] as [VARCHAR] - [수리]
2021-08-19 22:03:49.493 TRACE 3608 --- [    Test worker] o.h.type.descriptor.sql.BasicBinder      : binding parameter [4] as [BIGINT] - [5]
2021-08-19 22:03:49.494  INFO 3608 --- [    Test worker] p6spy                                    : #1629378229494 | took 0ms | statement | connection 3| url jdbc:h2:tcp://localhost/~/querydsl
insert into member (age, team_id, user_name, member_id) values (?, ?, ?, ?)
insert into member (age, team_id, user_name, member_id) values (24, 1, '수리', 5);
2021-08-19 22:03:49.494 DEBUG 3608 --- [    Test worker] org.hibernate.SQL                        : 
    insert 
    into
        member
        (age, team_id, user_name, member_id) 
    values
        (?, ?, ?, ?)
2021-08-19 22:03:49.495 TRACE 3608 --- [    Test worker] o.h.type.descriptor.sql.BasicBinder      : binding parameter [1] as [INTEGER] - [20]
2021-08-19 22:03:49.495 TRACE 3608 --- [    Test worker] o.h.type.descriptor.sql.BasicBinder      : binding parameter [2] as [BIGINT] - [2]
2021-08-19 22:03:49.495 TRACE 3608 --- [    Test worker] o.h.type.descriptor.sql.BasicBinder      : binding parameter [3] as [VARCHAR] - [재훈]
2021-08-19 22:03:49.496 TRACE 3608 --- [    Test worker] o.h.type.descriptor.sql.BasicBinder      : binding parameter [4] as [BIGINT] - [6]
2021-08-19 22:03:49.496  INFO 3608 --- [    Test worker] p6spy                                    : #1629378229496 | took 0ms | statement | connection 3| url jdbc:h2:tcp://localhost/~/querydsl
insert into member (age, team_id, user_name, member_id) values (?, ?, ?, ?)
insert into member (age, team_id, user_name, member_id) values (20, 2, '재훈', 6);
2021-08-19 22:03:49.497 DEBUG 3608 --- [    Test worker] org.hibernate.SQL                        : 
    insert 
    into
        member
        (age, team_id, user_name, member_id) 
    values
        (?, ?, ?, ?)
2021-08-19 22:03:49.498 TRACE 3608 --- [    Test worker] o.h.type.descriptor.sql.BasicBinder      : binding parameter [1] as [INTEGER] - [23]
2021-08-19 22:03:49.498 TRACE 3608 --- [    Test worker] o.h.type.descriptor.sql.BasicBinder      : binding parameter [2] as [BIGINT] - [2]
2021-08-19 22:03:49.498 TRACE 3608 --- [    Test worker] o.h.type.descriptor.sql.BasicBinder      : binding parameter [3] as [VARCHAR] - [후니]
2021-08-19 22:03:49.498 TRACE 3608 --- [    Test worker] o.h.type.descriptor.sql.BasicBinder      : binding parameter [4] as [BIGINT] - [7]
2021-08-19 22:03:49.499  INFO 3608 --- [    Test worker] p6spy                                    : #1629378229499 | took 0ms | statement | connection 3| url jdbc:h2:tcp://localhost/~/querydsl
insert into member (age, team_id, user_name, member_id) values (?, ?, ?, ?)
insert into member (age, team_id, user_name, member_id) values (23, 2, '후니', 7);
2021-08-19 22:03:49.500 DEBUG 3608 --- [    Test worker] org.hibernate.SQL                        : 
    insert 
    into
        member
        (age, team_id, user_name, member_id) 
    values
        (?, ?, ?, ?)
2021-08-19 22:03:49.501 TRACE 3608 --- [    Test worker] o.h.type.descriptor.sql.BasicBinder      : binding parameter [1] as [INTEGER] - [21]
2021-08-19 22:03:49.501 TRACE 3608 --- [    Test worker] o.h.type.descriptor.sql.BasicBinder      : binding parameter [2] as [BIGINT] - [2]
2021-08-19 22:03:49.502 TRACE 3608 --- [    Test worker] o.h.type.descriptor.sql.BasicBinder      : binding parameter [3] as [VARCHAR] - [짱구]
2021-08-19 22:03:49.502 TRACE 3608 --- [    Test worker] o.h.type.descriptor.sql.BasicBinder      : binding parameter [4] as [BIGINT] - [8]
2021-08-19 22:03:49.503  INFO 3608 --- [    Test worker] p6spy                                    : #1629378229503 | took 0ms | statement | connection 3| url jdbc:h2:tcp://localhost/~/querydsl
insert into member (age, team_id, user_name, member_id) values (?, ?, ?, ?)
insert into member (age, team_id, user_name, member_id) values (21, 2, '짱구', 8);
2021-08-19 22:03:49.512 DEBUG 3608 --- [    Test worker] org.hibernate.SQL                        : 
    select
        member0_.member_id as member_i1_1_,
        member0_.age as age2_1_,
        member0_.team_id as team_id4_1_,
        member0_.user_name as user_nam3_1_ 
    from
        member member0_ 
    where
        member0_.user_name=?
2021-08-19 22:03:49.514 TRACE 3608 --- [    Test worker] o.h.type.descriptor.sql.BasicBinder      : binding parameter [1] as [VARCHAR] - [승훈]
2021-08-19 22:03:49.514  INFO 3608 --- [    Test worker] p6spy                                    : #1629378229514 | took 0ms | statement | connection 3| url jdbc:h2:tcp://localhost/~/querydsl
select member0_.member_id as member_i1_1_, member0_.age as age2_1_, member0_.team_id as team_id4_1_, member0_.user_name as user_nam3_1_ from member member0_ where member0_.user_name=?
select member0_.member_id as member_i1_1_, member0_.age as age2_1_, member0_.team_id as team_id4_1_, member0_.user_name as user_nam3_1_ from member member0_ where member0_.user_name='승훈';
2021-08-19 22:03:49.517 TRACE 3608 --- [    Test worker] o.h.type.descriptor.sql.BasicExtractor   : extracted value ([member_i1_1_] : [BIGINT]) - [3]
2021-08-19 22:03:49.630 DEBUG 3608 --- [    Test worker] org.hibernate.SQL                        : 
    select
        member0_.member_id as member_i1_1_,
        member0_.age as age2_1_,
        member0_.team_id as team_id4_1_,
        member0_.user_name as user_nam3_1_ 
    from
        member member0_ 
    where
        member0_.user_name=?
2021-08-19 22:03:49.631 TRACE 3608 --- [    Test worker] o.h.type.descriptor.sql.BasicBinder      : binding parameter [1] as [VARCHAR] - [승훈]
2021-08-19 22:03:49.631  INFO 3608 --- [    Test worker] p6spy                                    : #1629378229631 | took 0ms | statement | connection 3| url jdbc:h2:tcp://localhost/~/querydsl
select member0_.member_id as member_i1_1_, member0_.age as age2_1_, member0_.team_id as team_id4_1_, member0_.user_name as user_nam3_1_ from member member0_ where member0_.user_name=?
select member0_.member_id as member_i1_1_, member0_.age as age2_1_, member0_.team_id as team_id4_1_, member0_.user_name as user_nam3_1_ from member member0_ where member0_.user_name='승훈';
2021-08-19 22:03:49.632 TRACE 3608 --- [    Test worker] o.h.type.descriptor.sql.BasicExtractor   : extracted value ([member_i1_1_] : [BIGINT]) - [3]
2021-08-19 22:03:49.649  INFO 3608 --- [    Test worker] p6spy                                    : #1629378229649 | took 3ms | rollback | connection 3| url jdbc:h2:tcp://localhost/~/querydsl

;
2021-08-19 22:03:49.652  INFO 3608 --- [    Test worker] o.s.t.c.transaction.TransactionContext   : Rolled back transaction for test: [DefaultTestContext@566c9076 testClass = QuerydslTest, testInstance = com.example.querydsl.QuerydslTest@423aa7ee, testMethod = queryDslTest@QuerydslTest, testException = [null], mergedContextConfiguration = [WebMergedContextConfiguration@7eac46fa testClass = QuerydslTest, locations = '{}', classes = '{class com.example.querydsl.QuerydslApplication}', contextInitializerClasses = '[]', activeProfiles = '{}', propertySourceLocations = '{}', propertySourceProperties = '{org.springframework.boot.test.context.SpringBootTestContextBootstrapper=true}', contextCustomizers = set[org.springframework.boot.test.autoconfigure.actuate.metrics.MetricsExportContextCustomizerFactory$DisableMetricExportContextCustomizer@54acb3ea, org.springframework.boot.test.autoconfigure.properties.PropertyMappingContextCustomizer@0, org.springframework.boot.test.autoconfigure.web.servlet.WebDriverContextCustomizerFactory$Customizer@50311a38, org.springframework.boot.test.context.filter.ExcludeFilterContextCustomizer@4160cc2c, org.springframework.boot.test.json.DuplicateJsonObjectContextCustomizerFactory$DuplicateJsonObjectContextCustomizer@7243ea6f, org.springframework.boot.test.mock.mockito.MockitoContextCustomizer@0, org.springframework.boot.test.web.client.TestRestTemplateContextCustomizer@1461b315, org.springframework.boot.test.context.SpringBootTestArgs@1, org.springframework.boot.test.context.SpringBootTestWebEnvironment@3ba9be1a], resourceBasePath = 'src/main/webapp', contextLoader = 'org.springframework.boot.test.context.SpringBootContextLoader', parent = [null]], attributes = map['org.springframework.test.context.web.ServletTestExecutionListener.activateListener' -> true, 'org.springframework.test.context.web.ServletTestExecutionListener.populatedRequestContextHolder' -> true, 'org.springframework.test.context.web.ServletTestExecutionListener.resetRequestContextHolder' -> true, 'org.springframework.test.context.event.ApplicationEventsTestExecutionListener.recordApplicationEvents' -> false]]
]]></system-out>
  <system-err><![CDATA[]]></system-err>
</testsuite>
